<?xml version="1.0" encoding="UTF-8"?>
<beans xmlns="http://www.springframework.org/schema/beans"
	xmlns:xsi="http://www.w3.org/2001/XMLSchema-instance"
	xsi:schemaLocation="http://www.springframework.org/schema/beans
    http://www.springframework.org/schema/beans/spring-beans-2.5.xsd">

	<import resource="classpath:context/test/test-persistence.xml" />
	
	<bean id="translationService" class="be.bzbit.framework.i18n.service.DefaultTranslationServiceImpl">
		<property name="messageRepository" ref="messageRepository" />
		<property name="languageRepository" ref="languageRepository" />
	</bean>
	
</beans>
